<?xml version="1.0" encoding="UTF-8"?>
<!-- Generated by org.testng.reporters.JUnitXMLReporter -->
<testsuite ignored="4" hostname="LMC-LT-115" failures="0" tests="5" name="Test" time="61.062" errors="0" timestamp="2022-08-16T10:15:11 IST">
  <testcase classname="com.mystore.testcases.HomePageTest" name="orderHistoryandDetailsTest" time="8.346"/>
  <testcase classname="com.mystore.testcases.HomePageTest" name="wishListTest" time="8.974"/>
  <testcase classname="com.mystore.testcases.IndexPageTest" name="verifyLogo" time="0.073"/>
  <testcase classname="com.mystore.testcases.IndexPageTest" name="verifyTitle" time="0.012"/>
  <testcase classname="com.mystore.testcases.LoginPageTest" name="loginTest" time="7.903"/>
  <testcase classname="com.mystore.base.BaseClass" name="@BeforeSuite loadConfig" time="0.0">
    <ignored/>
  </testcase> <!-- @BeforeSuite loadConfig -->
  <testcase classname="com.mystore.base.BaseClass" name="@BeforeSuite loadConfig" time="0.0">
    <ignored/>
  </testcase> <!-- @BeforeSuite loadConfig -->
  <testcase classname="com.mystore.base.BaseClass" name="@AfterSuite afterSuite" time="0.0">
    <ignored/>
  </testcase> <!-- @AfterSuite afterSuite -->
  <testcase classname="com.mystore.base.BaseClass" name="@AfterSuite afterSuite" time="0.0">
    <ignored/>
  </testcase> <!-- @AfterSuite afterSuite -->
</testsuite> <!-- Test -->
